        -:    0:Source:spex_delete_mpz_array.c
        -:    0:Graph:spex_delete_mpz_array.gcno
        -:    0:Data:spex_delete_mpz_array.gcda
        -:    0:Runs:9
        -:    1://------------------------------------------------------------------------------
        -:    2:// SPEX_Util/spex_delete_mpz_array.c: clear the memory used for a mpz array
        -:    3://------------------------------------------------------------------------------
        -:    4:
        -:    5:// SPEX_Util: (c) 2020-2021, Jinhao Chen, Chris Lourenco (US Naval Academy),
        -:    6:// Erick Moreno-Centeno, Timothy A. Davis, Texas A&M.  All Rights Reserved.
        -:    7:// SPDX-License-Identifier: GPL-2.0-or-later or LGPL-3.0-or-later
        -:    8:
        -:    9://------------------------------------------------------------------------------
        -:   10:
        -:   11:/* Purpose: This function clears the memory used for an mpz vector of size n. 
        -:   12: * Call this function for all mpz vectors when done.
        -:   13: * 
        -:   14: * Input is a mpz_t** array which is destroyed upon function completion
        -:   15: * 
        -:   16: */
        -:   17:
        -:   18:#include "spex_util_internal.h"
        -:   19:
   234517:   20:void spex_delete_mpz_array
        -:   21:(
        -:   22:    mpz_t **x,      // mpz array to be deleted
        -:   23:    int64_t n       // Size of x
        -:   24:)
        -:   25:{
   234517:   26:    if (x == NULL || (*x) == NULL) {return;}
  1201072:   27:    for (int64_t i = 0; i < n; i++)
        -:   28:    {
   978508:   29:        if ( (*x) [i] != NULL)
        -:   30:        {
   978508:   31:            SPEX_MPZ_CLEAR((*x) [i]);
        -:   32:        }
        -:   33:    }
   222564:   34:    SPEX_FREE ((*x));
        -:   35:}
