        -:    0:Source:SPEX_calloc.c
        -:    0:Graph:SPEX_calloc.gcno
        -:    0:Data:SPEX_calloc.gcda
        -:    0:Runs:9
        -:    1://------------------------------------------------------------------------------
        -:    2:// SPEX_Util/SPEX_calloc: wrapper for calloc
        -:    3://------------------------------------------------------------------------------
        -:    4:
        -:    5:// SPEX_Util: (c) 2019-2021, Chris Lourenco (US Naval Academy), Jinhao Chen,
        -:    6:// Erick Moreno-Centeno, Timothy A. Davis, Texas A&M.  All Rights Reserved.
        -:    7:// SPDX-License-Identifier: GPL-2.0-or-later or LGPL-3.0-or-later
        -:    8:
        -:    9://------------------------------------------------------------------------------
        -:   10:
        -:   11:// Allocate and initialize memory space for SPEX functions
        -:   12:
        -:   13:#include "spex_util_internal.h"
        -:   14:
   640229:   15:void *SPEX_calloc
        -:   16:(
        -:   17:    size_t nitems,      // number of items to allocate
        -:   18:    size_t size         // size of each item
        -:   19:)
        -:   20:{
  640229*:   21:    if (!spex_initialized ( )) return (NULL) ;
        -:   22:
   640229:   23:    return (SuiteSparse_calloc (nitems, size)) ;
        -:   24:}
        -:   25:
