        -:    0:Source:SPEX_free.c
        -:    0:Graph:SPEX_free.gcno
        -:    0:Data:SPEX_free.gcda
        -:    0:Runs:9
        -:    1://------------------------------------------------------------------------------
        -:    2:// SPEX_Util/SPEX_free: wrapper for free
        -:    3://------------------------------------------------------------------------------
        -:    4:
        -:    5:// SPEX_Util: (c) 2019-2021, Chris Lourenco (US Naval Academy), Jinhao Chen,
        -:    6:// Erick Moreno-Centeno, Timothy A. Davis, Texas A&M.  All Rights Reserved.
        -:    7:// SPDX-License-Identifier: GPL-2.0-or-later or LGPL-3.0-or-later
        -:    8:
        -:    9://------------------------------------------------------------------------------
        -:   10:
        -:   11:// Free the memory allocated by SPEX_calloc, SPEX_malloc, or SPEX_realloc.
        -:   12:
        -:   13:#include "spex_util_internal.h"
        -:   14:
  7581743:   15:void SPEX_free
        -:   16:(
        -:   17:    void *p         // pointer to memory space to free
        -:   18:)
        -:   19:{
  7581743:   20:    SuiteSparse_free (p) ;
  7581743:   21:}
        -:   22:
