        -:    0:Source:spex_create_mpq_array.c
        -:    0:Graph:spex_create_mpq_array.gcno
        -:    0:Data:spex_create_mpq_array.gcda
        -:    0:Runs:9
        -:    1://------------------------------------------------------------------------------
        -:    2:// SPEX_Util/spex_create_mpq_array: create a dense mpq array
        -:    3://------------------------------------------------------------------------------
        -:    4:
        -:    5:// SPEX_Util: (c) 2019-2021, Chris Lourenco (US Naval Academy), Jinhao Chen,
        -:    6:// Erick Moreno-Centeno, Timothy A. Davis, Texas A&M.  All Rights Reserved.
        -:    7:// SPDX-License-Identifier: GPL-2.0-or-later or LGPL-3.0-or-later
        -:    8:
        -:    9://------------------------------------------------------------------------------
        -:   10:
        -:   11:/* Purpose: This function creates an mpq array of size n.
        -:   12: * This function is used internally for creating SPEX_MPQ matrices
        -:   13: */
        -:   14:
        -:   15:#include "spex_util_internal.h"
        -:   16:
    27423:   17:mpq_t* spex_create_mpq_array
        -:   18:(
        -:   19:    int64_t n              // size of the array
        -:   20:)
        -:   21:{
        -:   22:
        -:   23:    //--------------------------------------------------------------------------
        -:   24:    // check inputs
        -:   25:    //--------------------------------------------------------------------------
        -:   26:
   27423*:   27:    if (n <= 0) {return NULL;}
        -:   28:
        -:   29:    //--------------------------------------------------------------------------
        -:   30:
        -:   31:    // Malloc space
    27423:   32:    mpq_t* x = (mpq_t*) SPEX_calloc(n, sizeof(mpq_t));
    27423:   33:    if (!x) {return NULL;}
   341479:   34:    for (int64_t i = 0; i < n; i++)
        -:   35:    {
   316306:   36:        if (SPEX_mpq_init(x[i]) != SPEX_OK)
        -:   37:        {
        -:   38:            // Out of memory
     2074:   39:            SPEX_MPQ_SET_NULL(x[i]);
    25760:   40:            for (int64_t j = 0; j < n; j++)
        -:   41:            {
    23686:   42:                if ( x[j] != NULL)
        -:   43:                {
    23686:   44:                    SPEX_MPQ_CLEAR( x[j]);
        -:   45:                }
        -:   46:            }
     2074:   47:            SPEX_FREE(x);
     2074:   48:            return NULL;
        -:   49:        }
        -:   50:    }
    25173:   51:    return x;
        -:   52:}
        -:   53:
