        -:    0:Source:SPEX_malloc.c
        -:    0:Graph:SPEX_malloc.gcno
        -:    0:Data:SPEX_malloc.gcda
        -:    0:Runs:9
        -:    1://------------------------------------------------------------------------------
        -:    2:// SPEX_Util/SPEX_malloc: wrapper for malloc
        -:    3://------------------------------------------------------------------------------
        -:    4:
        -:    5:// SPEX_Util: (c) 2019-2021, Chris Lourenco (US Naval Academy), Jinhao Chen,
        -:    6:// Erick Moreno-Centeno, Timothy A. Davis, Texas A&M.  All Rights Reserved.
        -:    7:// SPDX-License-Identifier: GPL-2.0-or-later or LGPL-3.0-or-later
        -:    8:
        -:    9://------------------------------------------------------------------------------
        -:   10:
        -:   11:// Allocate memory space for SPEX functions.
        -:   12:
        -:   13:#include "spex_util_internal.h"
        -:   14:
  6161768:   15:void *SPEX_malloc
        -:   16:(
        -:   17:    size_t size        // size of memory space to allocate
        -:   18:)
        -:   19:{
 6161768*:   20:    if (!spex_initialized ( )) return (NULL) ;
  6161768:   21:    return (SuiteSparse_malloc (1, size)) ;
        -:   22:}
        -:   23:
