        -:    0:Source:SPEX_Update_permute_row.c
        -:    0:Graph:SPEX_Update_permute_row.gcno
        -:    0:Data:SPEX_Update_permute_row.gcda
        -:    0:Runs:3
        -:    1://------------------------------------------------------------------------------
        -:    2:// SPEX_Update/SPEX_Update_permute_row.c: permute row indices of a matrix.
        -:    3://------------------------------------------------------------------------------
        -:    4:
        -:    5:// SPEX_Update: (c) 2020-2021, Jinhao Chen, Chris Lourenco (US Naval Academy),
        -:    6:// Erick Moreno-Centeno, Timothy A. Davis, Texas A&M.  All Rights Reserved.
        -:    7:// SPDX-License-Identifier: GPL-2.0-or-later or LGPL-3.0-or-later
        -:    8:
        -:    9://------------------------------------------------------------------------------
        -:   10:
        -:   11:// SPEX_Update_permute_row is called to permute the row indices of all columns
        -:   12:// of a given SPEX_matrix A.
        -:   13:
        -:   14:#include "spex_update_internal.h"
        -:   15:
      430:   16:SPEX_info SPEX_Update_permute_row
        -:   17:(
        -:   18:    SPEX_matrix *A,     // input matrix
        -:   19:    const int64_t *perm,// desire permutation to be applied to A, must be
        -:   20:                        // non-NULL
        -:   21:    const SPEX_options *option
        -:   22:)
        -:   23:{
        -:   24:    // check inputs
     430*:   25:    if (!spex_initialized()) {return SPEX_PANIC;}
     430*:   26:    SPEX_REQUIRE_KIND(A, SPEX_DYNAMIC_CSC);
     430*:   27:    if (perm == NULL) {return SPEX_INCORRECT_INPUT;}
        -:   28:
        -:   29:    // permute each vector of A
     3057:   30:    for (int64_t j = 0; j < A->n; j++)
        -:   31:    {
     8587:   32:        for (int64_t p = 0; p < A->v[j]->nz; p++)
        -:   33:        {
     5960:   34:            int64_t i = A->v[j]->i[p];
     5960:   35:            A->v[j]->i[p] = perm[i];
        -:   36:        }
        -:   37:    }
        -:   38:
      430:   39:    return SPEX_OK;
        -:   40:}
