        -:    0:Source:SPEX_create_default_options.c
        -:    0:Graph:SPEX_create_default_options.gcno
        -:    0:Data:SPEX_create_default_options.gcda
        -:    0:Runs:9
        -:    1://------------------------------------------------------------------------------
        -:    2:// SPEX_Util/SPEX_create_default_options: set defaults
        -:    3://------------------------------------------------------------------------------
        -:    4:
        -:    5:// SPEX_Util: (c) 2019-2021, Chris Lourenco (US Naval Academy), Jinhao Chen,
        -:    6:// Erick Moreno-Centeno, Timothy A. Davis, Texas A&M.  All Rights Reserved.
        -:    7:// SPDX-License-Identifier: GPL-2.0-or-later or LGPL-3.0-or-later
        -:    8:
        -:    9://------------------------------------------------------------------------------
        -:   10:
        -:   11:/* Purpose: Create SPEX_options pointer with default parameters
        -:   12: * upon successful allocation, which are defined in spex_internal.h
        -:   13: */
        -:   14:
        -:   15:#include "spex_util_internal.h"
        -:   16:
        -:   17:
    22122:   18:SPEX_info SPEX_create_default_options (SPEX_options **option )
        -:   19:{
        -:   20:
   22122*:   21:    if (!spex_initialized ( )) return (SPEX_PANIC) ;
        -:   22:
        -:   23:    //--------------------------------------------------------------------------
        -:   24:    // allocate the option struct
        -:   25:    //--------------------------------------------------------------------------
        -:   26:
    22122:   27:    *option = SPEX_malloc(sizeof(SPEX_options)) ;
    22122:   28:    if (!(*option))
        -:   29:    {
        -:   30:        // out of memory
       40:   31:        return (SPEX_OUT_OF_MEMORY) ;
        -:   32:    }
        -:   33:
        -:   34:    //--------------------------------------------------------------------------
        -:   35:    // set defaults
        -:   36:    //--------------------------------------------------------------------------
        -:   37:
    22082:   38:    (*option)->pivot       = SPEX_DEFAULT_PIVOT ;
    22082:   39:    (*option)->order       = SPEX_DEFAULT_ORDER ;
    22082:   40:    (*option)->print_level = SPEX_DEFAULT_PRINT_LEVEL ;
    22082:   41:    (*option)->prec        = SPEX_DEFAULT_PRECISION ;
    22082:   42:    (*option)->tol         = SPEX_DEFAULT_TOL ;
    22082:   43:    (*option)->round       = SPEX_DEFAULT_MPFR_ROUND ;
    22082:   44:    (*option)->check       = false ;
        -:   45:
        -:   46:    //--------------------------------------------------------------------------
        -:   47:    // return result
        -:   48:    //--------------------------------------------------------------------------
        -:   49:
    22082:   50:    return SPEX_OK ;
        -:   51:}
        -:   52:
